DEBUG:root:is_valid: False,count: 1,reward:0
DEBUG:root:is_valid: False,count: 2,reward:0
DEBUG:root:is_valid: False,count: 3,reward:0
DEBUG:root:is_valid: False,count: 4,reward:0
DEBUG:root:is_valid: False,count: 5,reward:0
DEBUG:root:is_valid: False,count: 6,reward:0
DEBUG:root:is_valid: False,count: 7,reward:0
DEBUG:root:is_valid: False,count: 8,reward:0
DEBUG:root:bestR2: 0.04771039467980609,best_state: [0 0 0 0 0 0 0 0 0 0 0 0 0 0 0 0 0 0 0 0 0 0 0 0 0 0 0 0 0 1 0 0 0 0 0 0 0
 0 0]
DEBUG:root:is_valid: True,count: 0,reward:0.04771039467980609
DEBUG:root:is_valid: False,count: 1,reward:0
DEBUG:root:bestR2: 0.047718367945877804,best_state: [0 0 0 1 0 0 0 0 0 0 0 0 0 0 0 0 0 0 0 0 0 0 0 0 0 0 0 0 0 1 0 0 0 0 0 0 0
 0 0]
DEBUG:root:is_valid: True,count: 0,reward:7.973266071714669e-06
DEBUG:root:is_valid: False,count: 1,reward:0
DEBUG:root:is_valid: False,count: 2,reward:0
DEBUG:root:is_valid: True,count: 3,reward:-0.01970389078127177
DEBUG:root:is_valid: False,count: 4,reward:0
DEBUG:root:is_valid: False,count: 5,reward:0
DEBUG:root:is_valid: False,count: 6,reward:0
DEBUG:root:is_valid: False,count: 7,reward:0
DEBUG:root:is_valid: False,count: 8,reward:0
DEBUG:root:is_valid: False,count: 9,reward:0
DEBUG:root:is_valid: False,count: 10,reward:0
DEBUG:root:is_valid: False,count: 11,reward:0
DEBUG:root:is_valid: False,count: 12,reward:0
DEBUG:root:is_valid: False,count: 13,reward:0
DEBUG:root:is_valid: False,count: 14,reward:0
DEBUG:root:is_valid: False,count: 15,reward:0
DEBUG:root:is_valid: False,count: 16,reward:0
DEBUG:root:is_valid: False,count: 1,reward:0
DEBUG:root:is_valid: False,count: 2,reward:0
DEBUG:root:is_valid: False,count: 3,reward:0
DEBUG:root:is_valid: False,count: 4,reward:0
DEBUG:root:is_valid: False,count: 5,reward:0
DEBUG:root:is_valid: False,count: 6,reward:0
DEBUG:root:is_valid: False,count: 7,reward:0
DEBUG:root:is_valid: False,count: 8,reward:0
DEBUG:root:is_valid: False,count: 9,reward:0
DEBUG:root:is_valid: False,count: 10,reward:0
DEBUG:root:is_valid: False,count: 11,reward:0
DEBUG:root:is_valid: False,count: 12,reward:0
DEBUG:root:is_valid: False,count: 13,reward:0
DEBUG:root:is_valid: False,count: 14,reward:0
DEBUG:root:bestR2: 0.04771039467980609,best_state: [0 0 0 0 0 0 0 0 0 0 0 0 0 0 0 0 0 0 0 0 0 0 0 0 0 0 0 0 0 1 0 0 0 0 0 0 0
 0 0]
DEBUG:root:is_valid: True,count: 0,reward:0.04771039467980609
DEBUG:root:is_valid: False,count: 1,reward:0
DEBUG:root:is_valid: False,count: 2,reward:0
DEBUG:root:is_valid: False,count: 3,reward:0
DEBUG:root:is_valid: True,count: 4,reward:-0.024270008994205172
DEBUG:root:is_valid: False,count: 5,reward:0
DEBUG:root:is_valid: True,count: 6,reward:-0.001836730736428649
DEBUG:root:is_valid: False,count: 7,reward:0
DEBUG:root:is_valid: True,count: 8,reward:-6.554829056992784e-05
DEBUG:root:is_valid: False,count: 9,reward:0
DEBUG:root:is_valid: True,count: 10,reward:-2.726788960294435e-05
DEBUG:root:bestR2: 0.049981129914109745,best_state: [0 0 0 0 0 0 0 0 0 0 1 0 0 0 0 0 0 0 0 0 0 1 0 0 0 0 0 0 0 1 1 0 0 0 1 0 1
 0 0]
DEBUG:root:is_valid: True,count: 0,reward:0.02847029114511035
DEBUG:root:is_valid: False,count: 1,reward:0
DEBUG:root:is_valid: True,count: 2,reward:-6.745324098345051e-05
DEBUG:root:is_valid: False,count: 3,reward:0
DEBUG:root:is_valid: False,count: 4,reward:0
DEBUG:root:bestR2: 0.09940813486540578,best_state: [0 0 0 0 0 0 0 0 0 0 1 0 0 0 0 0 0 0 0 0 0 0 0 0 0 0 0 0 0 1 1 0 0 1 1 0 1
 0 0]
DEBUG:root:is_valid: True,count: 0,reward:0.04949445819227949
DEBUG:root:is_valid: False,count: 1,reward:0
DEBUG:root:is_valid: False,count: 2,reward:0
DEBUG:root:is_valid: True,count: 3,reward:-0.000603791580484403
DEBUG:root:is_valid: True,count: 4,reward:-0.041654813574471206
DEBUG:root:is_valid: True,count: 5,reward:-0.05330206921435243
DEBUG:root:is_valid: True,count: 6,reward:-0.009683169127001734
DEBUG:root:is_valid: False,count: 7,reward:0
DEBUG:root:is_valid: False,count: 8,reward:0
DEBUG:root:is_valid: False,count: 9,reward:0
DEBUG:root:is_valid: False,count: 10,reward:0
DEBUG:root:is_valid: True,count: 11,reward:-0.00030762955603091946
DEBUG:root:is_valid: False,count: 12,reward:0
DEBUG:root:is_valid: False,count: 13,reward:0
DEBUG:root:is_valid: False,count: 14,reward:0
DEBUG:root:is_valid: False,count: 15,reward:0
DEBUG:root:is_valid: True,count: 0,reward:0.007457163388364441
DEBUG:root:is_valid: False,count: 1,reward:0
DEBUG:root:is_valid: False,count: 2,reward:0
DEBUG:root:is_valid: False,count: 3,reward:0
DEBUG:root:is_valid: False,count: 4,reward:0
DEBUG:root:is_valid: False,count: 5,reward:0
DEBUG:root:is_valid: False,count: 6,reward:0
DEBUG:root:is_valid: False,count: 7,reward:0
DEBUG:root:is_valid: True,count: 0,reward:0.0024708172978793463
DEBUG:root:is_valid: False,count: 1,reward:0
DEBUG:root:is_valid: False,count: 2,reward:0
DEBUG:root:is_valid: False,count: 3,reward:0
DEBUG:root:is_valid: False,count: 4,reward:0
DEBUG:root:is_valid: False,count: 5,reward:0
DEBUG:root:is_valid: False,count: 6,reward:0
DEBUG:root:is_valid: False,count: 7,reward:0
DEBUG:root:is_valid: True,count: 8,reward:-0.0030662719799452454
DEBUG:root:is_valid: False,count: 9,reward:0
DEBUG:root:is_valid: False,count: 10,reward:0
DEBUG:root:is_valid: True,count: 0,reward:0.001457709572628474
DEBUG:root:is_valid: True,count: 0,reward:0.025310999376995658
DEBUG:root:is_valid: False,count: 1,reward:0
DEBUG:root:is_valid: False,count: 2,reward:0
DEBUG:root:is_valid: False,count: 3,reward:0
DEBUG:root:is_valid: False,count: 4,reward:0
DEBUG:root:is_valid: False,count: 5,reward:0
DEBUG:root:is_valid: True,count: 0,reward:0.024208683440898215
DEBUG:root:is_valid: False,count: 1,reward:0
DEBUG:root:is_valid: False,count: 2,reward:0
DEBUG:root:is_valid: False,count: 3,reward:0
DEBUG:root:is_valid: False,count: 4,reward:0
DEBUG:root:is_valid: False,count: 5,reward:0
DEBUG:root:is_valid: True,count: 6,reward:-0.09700498874381314
DEBUG:root:is_valid: False,count: 7,reward:0
DEBUG:root:is_valid: False,count: 8,reward:0
DEBUG:root:is_valid: False,count: 9,reward:0
DEBUG:root:is_valid: False,count: 10,reward:0
DEBUG:root:is_valid: True,count: 0,reward:0.0018349763971396982
DEBUG:root:is_valid: True,count: 0,reward:0.09783490143259765
DEBUG:root:is_valid: False,count: 1,reward:0
DEBUG:root:is_valid: False,count: 2,reward:0
DEBUG:root:is_valid: True,count: 0,reward:0.02032466592952409
DEBUG:root:is_valid: False,count: 1,reward:0
DEBUG:root:is_valid: True,count: 0,reward:0.0005425906322016338
DEBUG:root:is_valid: False,count: 1,reward:0
DEBUG:root:is_valid: False,count: 2,reward:0
DEBUG:root:is_valid: False,count: 3,reward:0
DEBUG:root:is_valid: False,count: 4,reward:0
DEBUG:root:is_valid: False,count: 5,reward:0
DEBUG:root:is_valid: False,count: 6,reward:0
DEBUG:root:is_valid: True,count: 7,reward:-0.0039198309253207775
DEBUG:root:is_valid: False,count: 8,reward:0
DEBUG:root:is_valid: False,count: 9,reward:0
DEBUG:root:is_valid: True,count: 10,reward:-0.06263537214776482
DEBUG:root:is_valid: False,count: 11,reward:0
DEBUG:root:is_valid: False,count: 12,reward:0
DEBUG:root:is_valid: False,count: 13,reward:0
DEBUG:root:is_valid: False,count: 14,reward:0
DEBUG:root:is_valid: True,count: 15,reward:-0.002350785465229044
DEBUG:root:is_valid: True,count: 16,reward:-0.016578798078259016
DEBUG:root:is_valid: False,count: 1,reward:0
DEBUG:root:is_valid: False,count: 2,reward:0
DEBUG:root:is_valid: False,count: 3,reward:0
DEBUG:root:is_valid: False,count: 4,reward:0
DEBUG:root:is_valid: False,count: 5,reward:0
DEBUG:root:is_valid: False,count: 6,reward:0
DEBUG:root:is_valid: False,count: 7,reward:0
DEBUG:root:is_valid: False,count: 8,reward:0
DEBUG:root:is_valid: False,count: 9,reward:0
DEBUG:root:is_valid: False,count: 10,reward:0
DEBUG:root:is_valid: False,count: 11,reward:0
DEBUG:root:is_valid: True,count: 12,reward:-0.016584919763499517
DEBUG:root:is_valid: False,count: 13,reward:0
DEBUG:root:is_valid: False,count: 14,reward:0
DEBUG:root:is_valid: False,count: 15,reward:0
DEBUG:root:is_valid: False,count: 16,reward:0
DEBUG:root:is_valid: False,count: 1,reward:0
DEBUG:root:is_valid: True,count: 2,reward:-0.025269724000086535
DEBUG:root:is_valid: False,count: 3,reward:0
DEBUG:root:is_valid: False,count: 4,reward:0
DEBUG:root:is_valid: False,count: 5,reward:0
DEBUG:root:is_valid: False,count: 6,reward:0
DEBUG:root:is_valid: False,count: 7,reward:0
DEBUG:root:is_valid: False,count: 8,reward:0
DEBUG:root:bestR2: 0.020725473577612008,best_state: [0 0 0 0 0 0 0 0 0 0 0 0 0 0 0 0 0 0 0 0 0 0 0 0 0 0 0 0 0 1 0 0 0 0 0 1 0
 0 0]
DEBUG:root:is_valid: True,count: 0,reward:0.04599519757769854
DEBUG:root:is_valid: False,count: 1,reward:0
DEBUG:root:is_valid: False,count: 2,reward:0
DEBUG:root:is_valid: False,count: 3,reward:0
DEBUG:root:is_valid: False,count: 4,reward:0
DEBUG:root:is_valid: False,count: 5,reward:0
DEBUG:root:is_valid: False,count: 6,reward:0
DEBUG:root:is_valid: False,count: 7,reward:0
DEBUG:root:is_valid: True,count: 8,reward:-0.024873566377767387
DEBUG:root:is_valid: True,count: 9,reward:-3.259412024059216e-06
DEBUG:root:is_valid: True,count: 10,reward:-0.01888797258105268
DEBUG:root:bestR2: 0.5633433381016735,best_state: [0 0 0 1 0 0 0 0 0 0 0 0 0 0 0 0 0 0 0 0 0 0 0 0 0 0 0 1 1 1 0 0 1 0 0 1 0
 0 0]
DEBUG:root:is_valid: True,count: 0,reward:0.5863826628949056
DEBUG:root:is_valid: False,count: 1,reward:0
DEBUG:root:is_valid: False,count: 2,reward:0
DEBUG:root:is_valid: False,count: 3,reward:0
DEBUG:root:is_valid: False,count: 4,reward:0
DEBUG:root:is_valid: True,count: 5,reward:-1.2408004564368191e-05
DEBUG:root:is_valid: False,count: 6,reward:0
DEBUG:root:is_valid: True,count: 7,reward:-2.1046013728098778e-05
DEBUG:root:is_valid: False,count: 8,reward:0
DEBUG:root:is_valid: True,count: 9,reward:-0.08472176211260118
DEBUG:root:is_valid: False,count: 10,reward:0
DEBUG:root:is_valid: False,count: 11,reward:0
DEBUG:root:is_valid: False,count: 12,reward:0
DEBUG:root:is_valid: False,count: 13,reward:0
DEBUG:root:is_valid: True,count: 14,reward:-0.00034614981630831654
DEBUG:root:is_valid: True,count: 15,reward:-0.012467961560879148
DEBUG:root:is_valid: False,count: 16,reward:0
DEBUG:root:is_valid: False,count: 1,reward:0
DEBUG:root:is_valid: False,count: 2,reward:0
DEBUG:root:is_valid: False,count: 3,reward:0
DEBUG:root:is_valid: False,count: 4,reward:0
DEBUG:root:is_valid: False,count: 5,reward:0
DEBUG:root:is_valid: False,count: 6,reward:0
DEBUG:root:is_valid: True,count: 7,reward:-0.016584919763499517
DEBUG:root:is_valid: False,count: 8,reward:0
DEBUG:root:is_valid: False,count: 9,reward:0
DEBUG:root:is_valid: False,count: 10,reward:0
DEBUG:root:is_valid: False,count: 11,reward:0
DEBUG:root:is_valid: False,count: 12,reward:0
DEBUG:root:is_valid: True,count: 0,reward:0.0014510197889670007
DEBUG:root:is_valid: False,count: 1,reward:0
DEBUG:root:is_valid: True,count: 2,reward:-0.020298936411761836
DEBUG:root:is_valid: False,count: 3,reward:0
DEBUG:root:is_valid: False,count: 4,reward:0
DEBUG:root:is_valid: False,count: 5,reward:0
DEBUG:root:is_valid: False,count: 6,reward:0
DEBUG:root:is_valid: False,count: 7,reward:0
DEBUG:root:is_valid: False,count: 8,reward:0
DEBUG:root:is_valid: False,count: 9,reward:0
DEBUG:root:bestR2: 0.008746046137665497,best_state: [0 0 0 0 0 0 0 0 0 0 0 0 0 0 1 0 0 0 0 0 0 0 0 0 0 0 0 1 0 0 0 0 0 1 0 0 0
 0 1]
DEBUG:root:is_valid: True,count: 0,reward:0.04417888252395985
DEBUG:root:is_valid: False,count: 1,reward:0
DEBUG:root:is_valid: False,count: 2,reward:0
DEBUG:root:is_valid: False,count: 3,reward:0
DEBUG:root:is_valid: False,count: 4,reward:0
DEBUG:root:is_valid: False,count: 5,reward:0
DEBUG:root:bestR2: 0.00949414616897104,best_state: [0 0 0 0 0 0 0 1 0 0 0 0 0 0 1 0 0 0 0 0 0 0 0 0 0 0 0 1 0 0 0 0 0 1 0 0 0
 0 1]
DEBUG:root:is_valid: True,count: 0,reward:0.000748100031305543
DEBUG:root:bestR2: 0.05121195520766353,best_state: [0 0 0 0 0 0 0 1 0 0 0 0 0 0 1 0 0 0 0 0 0 0 0 0 0 0 0 1 0 1 0 0 0 1 0 0 0
 0 1]
DEBUG:root:is_valid: True,count: 0,reward:0.04171780903869249
DEBUG:root:is_valid: True,count: 1,reward:-0.00011040564511444195
DEBUG:root:bestR2: 0.051498827940255176,best_state: [0 0 0 1 0 0 0 1 0 0 0 0 1 0 1 0 0 0 0 0 0 0 0 0 0 0 0 1 0 1 0 0 0 1 0 0 0
 0 1]
DEBUG:root:is_valid: True,count: 0,reward:0.00039727837770608954
DEBUG:root:is_valid: True,count: 1,reward:-0.0005143615177751748
DEBUG:root:is_valid: True,count: 2,reward:-0.0010843903628510176
DEBUG:root:is_valid: False,count: 3,reward:0
DEBUG:root:bestR2: 0.20993986695931932,best_state: [0 0 0 1 0 0 0 0 0 0 0 0 1 0 2 0 0 0 0 0 0 0 0 0 0 0 0 1 0 1 0 0 0 1 0 1 0
 0 1]
DEBUG:root:is_valid: True,count: 0,reward:0.16003979089969034
DEBUG:root:is_valid: False,count: 1,reward:0
DEBUG:root:is_valid: False,count: 2,reward:0
DEBUG:root:is_valid: False,count: 3,reward:0
DEBUG:root:is_valid: True,count: 4,reward:-0.0012230465226841236
DEBUG:root:bestR2: 0.6191701667529692,best_state: [0 0 0 1 0 0 0 0 0 0 0 0 2 0 2 0 0 0 0 0 0 0 0 0 0 0 0 1 0 1 0 0 1 1 0 1 0
 0 1]
DEBUG:root:is_valid: True,count: 0,reward:0.410453346316334
DEBUG:root:is_valid: False,count: 1,reward:0
DEBUG:root:is_valid: False,count: 2,reward:0
DEBUG:root:is_valid: False,count: 3,reward:0
DEBUG:root:is_valid: False,count: 4,reward:0
DEBUG:root:is_valid: False,count: 5,reward:0
DEBUG:root:is_valid: False,count: 6,reward:0
DEBUG:root:is_valid: True,count: 7,reward:-4.945215167850847e-05
DEBUG:root:is_valid: False,count: 8,reward:0
DEBUG:root:is_valid: False,count: 9,reward:0
DEBUG:root:is_valid: False,count: 10,reward:0
DEBUG:root:is_valid: False,count: 11,reward:0
DEBUG:root:is_valid: False,count: 12,reward:0
DEBUG:root:is_valid: True,count: 13,reward:-0.0002066205640449681
DEBUG:root:is_valid: False,count: 14,reward:0
DEBUG:root:is_valid: True,count: 15,reward:-0.00044565856136791204
DEBUG:root:is_valid: True,count: 16,reward:-0.0003421572447208643
DEBUG:root:is_valid: False,count: 1,reward:0
DEBUG:root:is_valid: True,count: 2,reward:-0.028308621143954715
DEBUG:root:is_valid: False,count: 3,reward:0
DEBUG:root:is_valid: True,count: 4,reward:-0.05608372498780079
DEBUG:root:is_valid: False,count: 5,reward:0
DEBUG:root:is_valid: False,count: 6,reward:0
DEBUG:root:is_valid: True,count: 0,reward:0.07967405613647105
DEBUG:root:is_valid: True,count: 1,reward:-0.0018860786384120587
DEBUG:root:is_valid: False,count: 2,reward:0
DEBUG:root:is_valid: False,count: 3,reward:0
DEBUG:root:is_valid: False,count: 4,reward:0
DEBUG:root:is_valid: False,count: 5,reward:0
DEBUG:root:is_valid: True,count: 0,reward:0.0020359375931133794
DEBUG:root:is_valid: False,count: 1,reward:0
DEBUG:root:bestR2: 0.3315236443231949,best_state: [0 0 0 0 0 0 0 0 0 0 0 0 0 0 0 0 0 0 1 0 0 0 0 0 1 0 0 0 1 0 0 1 0 0 0 0 1
 1 0]
DEBUG:root:is_valid: True,count: 0,reward:0.33609207536377805
DEBUG:root:is_valid: True,count: 1,reward:-0.33609207536377805
DEBUG:root:is_valid: False,count: 2,reward:0
DEBUG:root:is_valid: False,count: 3,reward:0
DEBUG:root:bestR2: 0.4229181724344895,best_state: [0 0 0 0 0 0 0 0 0 0 0 0 0 0 0 0 0 0 1 0 0 0 0 0 1 0 0 0 1 0 0 1 0 0 0 1 0
 1 0]
DEBUG:root:is_valid: True,count: 0,reward:0.4274866034750726
DEBUG:root:is_valid: False,count: 1,reward:0
DEBUG:root:is_valid: False,count: 2,reward:0
DEBUG:root:is_valid: False,count: 3,reward:0
DEBUG:root:is_valid: False,count: 4,reward:0
DEBUG:root:is_valid: False,count: 5,reward:0
DEBUG:root:is_valid: False,count: 6,reward:0
DEBUG:root:is_valid: True,count: 7,reward:-0.050436747477903054
DEBUG:root:is_valid: False,count: 8,reward:0
DEBUG:root:is_valid: False,count: 9,reward:0
DEBUG:root:is_valid: True,count: 10,reward:-0.04857095852559745
DEBUG:root:is_valid: False,count: 11,reward:0
DEBUG:root:is_valid: False,count: 12,reward:0
DEBUG:root:is_valid: False,count: 13,reward:0
DEBUG:root:is_valid: False,count: 14,reward:0
DEBUG:root:is_valid: False,count: 15,reward:0
DEBUG:root:is_valid: True,count: 0,reward:0.024125165246651648
DEBUG:root:is_valid: False,count: 1,reward:0
DEBUG:root:is_valid: True,count: 0,reward:0.01644049145657478
DEBUG:root:is_valid: False,count: 1,reward:0
DEBUG:root:is_valid: True,count: 2,reward:-0.02745672339741867
DEBUG:root:is_valid: True,count: 0,reward:0.002892270161217181
DEBUG:root:is_valid: False,count: 1,reward:0
DEBUG:root:is_valid: True,count: 0,reward:0.007425049013592422
DEBUG:root:is_valid: False,count: 1,reward:0
DEBUG:root:is_valid: False,count: 2,reward:0
DEBUG:root:is_valid: False,count: 3,reward:0
DEBUG:root:bestR2: 0.48258173666945925,best_state: [0 0 0 0 0 0 0 0 0 0 0 0 0 1 0 1 0 0 1 0 0 0 0 0 1 0 1 1 1 1 0 1 1 0 0 1 0
 1 0]
DEBUG:root:is_valid: True,count: 0,reward:0.13524501775785291
DEBUG:root:is_valid: True,count: 1,reward:-0.00939594591707249
DEBUG:root:bestR2: 0.6434107961525402,best_state: [0 0 0 0 0 0 0 0 0 0 0 0 0 1 0 1 0 0 1 0 0 0 1 0 1 0 1 1 1 1 0 1 1 0 1 1 0
 1 0]
DEBUG:root:is_valid: True,count: 0,reward:0.1702250054001534
DEBUG:root:is_valid: False,count: 1,reward:0
DEBUG:root:is_valid: False,count: 2,reward:0
DEBUG:root:is_valid: False,count: 3,reward:0
DEBUG:root:is_valid: False,count: 4,reward:0
DEBUG:root:is_valid: False,count: 5,reward:0
DEBUG:root:is_valid: False,count: 6,reward:0
DEBUG:root:is_valid: True,count: 7,reward:-0.002127665740967677
DEBUG:root:is_valid: True,count: 8,reward:-0.021293751219293444
DEBUG:root:is_valid: False,count: 9,reward:0
DEBUG:root:is_valid: True,count: 10,reward:-0.05139672760205194
DEBUG:root:is_valid: True,count: 0,reward:4.319503656180501e-05
DEBUG:root:is_valid: False,count: 1,reward:0
DEBUG:root:is_valid: False,count: 2,reward:0
DEBUG:root:is_valid: True,count: 0,reward:0.0008900269597011956
DEBUG:root:is_valid: False,count: 1,reward:0
DEBUG:root:is_valid: True,count: 0,reward:0.0009813806801927116
DEBUG:root:is_valid: True,count: 0,reward:0.009624385804865354
DEBUG:root:is_valid: False,count: 1,reward:0
DEBUG:root:is_valid: True,count: 2,reward:-0.009624385804865354
DEBUG:root:is_valid: True,count: 3,reward:-9.836577511490585e-05
DEBUG:root:is_valid: False,count: 4,reward:0
DEBUG:root:is_valid: True,count: 5,reward:-0.6142000683406736
DEBUG:root:is_valid: False,count: 6,reward:0
DEBUG:root:is_valid: False,count: 7,reward:0
DEBUG:root:is_valid: True,count: 8,reward:-0.000442273381262126
DEBUG:root:is_valid: False,count: 9,reward:0
DEBUG:root:is_valid: True,count: 10,reward:-0.011684185504652778
DEBUG:root:is_valid: True,count: 0,reward:0.011684185504652778
DEBUG:root:is_valid: True,count: 0,reward:0.011816614356024546
DEBUG:root:is_valid: False,count: 1,reward:0
DEBUG:root:is_valid: True,count: 2,reward:-1.0676529727193795e-05
DEBUG:root:is_valid: False,count: 3,reward:0
DEBUG:root:is_valid: False,count: 4,reward:0
DEBUG:root:is_valid: True,count: 5,reward:-0.00017225478789617554
DEBUG:root:is_valid: False,count: 6,reward:0
DEBUG:root:is_valid: False,count: 7,reward:0
DEBUG:root:is_valid: False,count: 8,reward:0
DEBUG:root:is_valid: True,count: 0,reward:0.09267864948846605
DEBUG:root:is_valid: True,count: 0,reward:0.021872949005105502
DEBUG:root:is_valid: True,count: 1,reward:-0.0016390828682725234
DEBUG:root:is_valid: True,count: 0,reward:0.07947994409137837
DEBUG:root:is_valid: False,count: 1,reward:0
DEBUG:root:is_valid: False,count: 2,reward:0
DEBUG:root:is_valid: False,count: 3,reward:0
DEBUG:root:is_valid: False,count: 4,reward:0
DEBUG:root:is_valid: False,count: 5,reward:0
DEBUG:root:is_valid: True,count: 0,reward:0.00046953538202920697
DEBUG:root:is_valid: False,count: 1,reward:0
DEBUG:root:is_valid: True,count: 0,reward:0.013931472588263105
DEBUG:root:is_valid: True,count: 0,reward:0.0010126773602331385
DEBUG:root:is_valid: False,count: 1,reward:0
DEBUG:root:is_valid: True,count: 0,reward:0.0017905589678558487
DEBUG:root:is_valid: False,count: 1,reward:0
DEBUG:root:is_valid: False,count: 2,reward:0
DEBUG:root:is_valid: False,count: 3,reward:0
DEBUG:root:is_valid: True,count: 4,reward:-0.01443729572644703
DEBUG:root:is_valid: False,count: 5,reward:0
DEBUG:root:is_valid: False,count: 6,reward:0
DEBUG:root:is_valid: False,count: 7,reward:0
DEBUG:root:is_valid: False,count: 8,reward:0
DEBUG:root:is_valid: True,count: 0,reward:0.0008128331184971138
DEBUG:root:is_valid: False,count: 1,reward:0
DEBUG:root:is_valid: False,count: 2,reward:0
DEBUG:root:is_valid: False,count: 3,reward:0
DEBUG:root:is_valid: False,count: 4,reward:0
DEBUG:root:is_valid: True,count: 5,reward:-5.1413850247095105e-05
DEBUG:root:is_valid: False,count: 6,reward:0
DEBUG:root:is_valid: False,count: 7,reward:0
DEBUG:root:is_valid: True,count: 8,reward:-2.6473980938579444e-05
DEBUG:root:is_valid: False,count: 9,reward:0
DEBUG:root:is_valid: False,count: 10,reward:0
DEBUG:root:is_valid: False,count: 11,reward:0
DEBUG:root:is_valid: False,count: 12,reward:0
DEBUG:root:is_valid: True,count: 0,reward:0.001929637685526009
DEBUG:root:is_valid: False,count: 1,reward:0
DEBUG:root:is_valid: False,count: 2,reward:0
DEBUG:root:is_valid: True,count: 3,reward:-0.00019671531497122974
DEBUG:root:is_valid: False,count: 4,reward:0
DEBUG:root:is_valid: False,count: 5,reward:0
DEBUG:root:is_valid: False,count: 6,reward:0
DEBUG:root:is_valid: True,count: 0,reward:0.00027500046855311044
DEBUG:root:is_valid: False,count: 1,reward:0
DEBUG:root:is_valid: True,count: 2,reward:-0.07470047765163002
DEBUG:root:is_valid: True,count: 0,reward:0.007746401191232488
DEBUG:root:is_valid: False,count: 1,reward:0
DEBUG:root:is_valid: True,count: 2,reward:-0.00253169406346454
DEBUG:root:is_valid: False,count: 3,reward:0
DEBUG:root:is_valid: True,count: 0,reward:0.0005229712127976516
DEBUG:root:is_valid: False,count: 1,reward:0
DEBUG:root:is_valid: True,count: 2,reward:-0.007884859866598815
DEBUG:root:is_valid: True,count: 3,reward:-0.002923521535819429
DEBUG:root:is_valid: False,count: 4,reward:0
DEBUG:root:is_valid: True,count: 5,reward:-0.05406681208780062
DEBUG:root:is_valid: False,count: 6,reward:0
DEBUG:root:is_valid: False,count: 7,reward:0
DEBUG:root:is_valid: True,count: 0,reward:0.003247913174958761
DEBUG:root:is_valid: True,count: 1,reward:-1.5314843486824437e-05
DEBUG:root:is_valid: True,count: 2,reward:-0.039826713564341865
DEBUG:root:is_valid: True,count: 0,reward:0.0033416973370294922
DEBUG:root:is_valid: True,count: 1,reward:-0.003148953504193308
DEBUG:root:is_valid: True,count: 2,reward:-0.00047466578497390444
DEBUG:root:is_valid: False,count: 3,reward:0
DEBUG:root:is_valid: True,count: 4,reward:-0.0009981879273570637
DEBUG:root:is_valid: False,count: 5,reward:0
DEBUG:root:is_valid: True,count: 6,reward:-0.0001861798741731313
DEBUG:root:is_valid: False,count: 7,reward:0
DEBUG:root:is_valid: False,count: 8,reward:0
DEBUG:root:is_valid: True,count: 0,reward:0.002415497944842082
DEBUG:root:is_valid: False,count: 1,reward:0
DEBUG:root:is_valid: True,count: 2,reward:-0.003077711043148579
DEBUG:root:is_valid: False,count: 3,reward:0
DEBUG:root:is_valid: False,count: 4,reward:0
DEBUG:root:is_valid: False,count: 5,reward:0
DEBUG:root:is_valid: False,count: 6,reward:0
DEBUG:root:is_valid: True,count: 0,reward:0.003077711043148579
DEBUG:root:is_valid: False,count: 1,reward:0
DEBUG:root:is_valid: True,count: 2,reward:-0.0072258284287638475
DEBUG:root:is_valid: True,count: 0,reward:0.005430701872985333
DEBUG:root:is_valid: False,count: 1,reward:0
DEBUG:root:is_valid: True,count: 0,reward:3.901703462538819e-07
DEBUG:root:is_valid: False,count: 1,reward:0
DEBUG:root:is_valid: False,count: 2,reward:0
DEBUG:root:is_valid: False,count: 3,reward:0
DEBUG:root:is_valid: False,count: 4,reward:0
DEBUG:root:is_valid: True,count: 5,reward:-0.0036111294524698856
DEBUG:root:is_valid: False,count: 6,reward:0
DEBUG:root:is_valid: False,count: 7,reward:0
DEBUG:root:is_valid: True,count: 0,reward:0.00011920704527912385
DEBUG:root:is_valid: False,count: 1,reward:0
DEBUG:root:is_valid: True,count: 0,reward:0.0022531874306170874
DEBUG:root:is_valid: True,count: 0,reward:0.06881501939394763
DEBUG:root:is_valid: False,count: 1,reward:0
DEBUG:root:is_valid: False,count: 2,reward:0
DEBUG:root:is_valid: True,count: 0,reward:0.29021486491725645
DEBUG:root:is_valid: True,count: 1,reward:-0.009339411122764929
DEBUG:root:is_valid: False,count: 2,reward:0
DEBUG:root:is_valid: True,count: 0,reward:0.0020624767454479054
DEBUG:root:is_valid: True,count: 0,reward:0.008925715080044583
DEBUG:root:is_valid: True,count: 1,reward:-0.029856775542685843
DEBUG:root:is_valid: True,count: 0,reward:0.00047607288262441205
DEBUG:root:is_valid: True,count: 0,reward:0.023254681788960507
DEBUG:root:is_valid: True,count: 1,reward:-0.0195074355653736
DEBUG:root:is_valid: True,count: 2,reward:-0.32281913816230223
DEBUG:root:is_valid: False,count: 3,reward:0
DEBUG:root:is_valid: True,count: 4,reward:-0.0002935226332005936
DEBUG:root:is_valid: True,count: 5,reward:-0.003774618350860126
DEBUG:root:is_valid: True,count: 6,reward:-5.081773763382369e-05
DEBUG:root:is_valid: False,count: 7,reward:0
DEBUG:root:is_valid: True,count: 0,reward:0.000193606648077993
DEBUG:root:is_valid: False,count: 1,reward:0
DEBUG:root:is_valid: True,count: 0,reward:0.252397121414891
DEBUG:root:is_valid: True,count: 1,reward:-0.00048749015491444947
DEBUG:root:is_valid: False,count: 2,reward:0
DEBUG:root:is_valid: True,count: 0,reward:0.020524829521928134
DEBUG:root:is_valid: True,count: 0,reward:0.0008008896799595044
DEBUG:root:is_valid: False,count: 1,reward:0
DEBUG:root:is_valid: False,count: 2,reward:0
DEBUG:root:is_valid: True,count: 0,reward:0.18983938071697215
DEBUG:root:is_valid: False,count: 1,reward:0
DEBUG:root:is_valid: True,count: 0,reward:0.024677402746051236
DEBUG:root:is_valid: True,count: 1,reward:-4.7294910708872706e-05
DEBUG:root:is_valid: False,count: 2,reward:0
DEBUG:root:is_valid: True,count: 0,reward:0.010041431447516902
DEBUG:root:is_valid: True,count: 0,reward:0.007174302484101669
DEBUG:root:is_valid: True,count: 1,reward:-0.5478192901060158
DEBUG:root:is_valid: True,count: 0,reward:2.0608401746446958e-05
DEBUG:root:is_valid: True,count: 0,reward:1.783654179665639e-05
DEBUG:root:is_valid: False,count: 1,reward:0
DEBUG:root:is_valid: False,count: 2,reward:0
DEBUG:root:is_valid: False,count: 3,reward:0
DEBUG:root:is_valid: False,count: 4,reward:0
DEBUG:root:is_valid: True,count: 5,reward:-2.378601424490867e-06
DEBUG:root:is_valid: False,count: 6,reward:0
DEBUG:root:is_valid: True,count: 7,reward:-1.763661014853035e-05
DEBUG:root:is_valid: False,count: 8,reward:0
DEBUG:root:is_valid: True,count: 0,reward:1.763661014853035e-05
DEBUG:root:is_valid: False,count: 1,reward:0
DEBUG:root:is_valid: False,count: 2,reward:0
DEBUG:root:is_valid: False,count: 3,reward:0
DEBUG:root:is_valid: False,count: 4,reward:0
DEBUG:root:is_valid: False,count: 5,reward:0
DEBUG:root:is_valid: True,count: 6,reward:-3.341662709233084e-05
DEBUG:root:is_valid: False,count: 7,reward:0
DEBUG:root:is_valid: False,count: 8,reward:0
DEBUG:root:is_valid: True,count: 9,reward:-7.962195557031926e-05
DEBUG:root:is_valid: True,count: 0,reward:0.6723829000950341
DEBUG:root:is_valid: True,count: 1,reward:-0.01668899385856082
DEBUG:root:is_valid: True,count: 0,reward:0.01550191314691407
DEBUG:root:is_valid: True,count: 0,reward:0.012320022007311526
DEBUG:root:bestR2: 0.6440774112745231,best_state: [8 0 0 5 3 0 0 0 0 3 1 5 2 0 3 0 0 0 0 2 0 0 2 1 0 2 1 1 0 1 1 0 1 0 1 1 1
 1 1]
DEBUG:root:is_valid: True,count: 0,reward:0.0024504059249691457
DEBUG:root:is_valid: False,count: 1,reward:0
DEBUG:root:bestR2: 0.646214982814818,best_state: [8 0 0 5 3 0 1 0 0 3 1 5 2 0 3 0 0 0 0 2 0 0 2 1 0 2 1 1 0 1 1 0 1 0 1 1 1
 1 1]
DEBUG:root:is_valid: True,count: 0,reward:0.0021375715402949247
DEBUG:root:is_valid: False,count: 1,reward:0
DEBUG:root:bestR2: 0.6541698274091954,best_state: [8 0 0 5 3 0 1 0 0 3 1 5 2 0 3 0 0 0 0 2 0 0 2 1 0 2 1 1 0 1 1 0 1 0 1 1 1
 0 1]
DEBUG:root:is_valid: True,count: 0,reward:0.007954844594377342
DEBUG:root:is_valid: False,count: 1,reward:0
DEBUG:root:is_valid: True,count: 2,reward:-0.030266164806998064
DEBUG:root:is_valid: True,count: 0,reward:0.0042374867836881824
DEBUG:root:is_valid: True,count: 0,reward:0.00020781122602087088
DEBUG:root:is_valid: False,count: 1,reward:0
DEBUG:root:is_valid: True,count: 2,reward:-0.000551660127607323
DEBUG:root:is_valid: False,count: 3,reward:0
DEBUG:root:is_valid: False,count: 4,reward:0
DEBUG:root:is_valid: False,count: 5,reward:0
DEBUG:root:is_valid: False,count: 6,reward:0
DEBUG:root:is_valid: False,count: 7,reward:0
DEBUG:root:is_valid: True,count: 0,reward:0.00012687708936931497
DEBUG:root:is_valid: True,count: 1,reward:-0.0029613052456227695
DEBUG:root:is_valid: True,count: 2,reward:-0.00598218447358545
DEBUG:root:is_valid: False,count: 3,reward:0
DEBUG:root:is_valid: True,count: 4,reward:-0.008491891993183343
DEBUG:root:is_valid: True,count: 0,reward:0.04344713709413117
DEBUG:root:is_valid: True,count: 1,reward:-0.0005275454665047974
DEBUG:root:is_valid: True,count: 2,reward:-0.002228465972008875
DEBUG:root:is_valid: False,count: 3,reward:0
DEBUG:root:bestR2: 0.6564053490005305,best_state: [8 0 0 5 2 0 1 0 0 3 0 5 2 0 3 0 0 2 0 0 0 0 2 1 0 2 1 1 1 1 1 0 1 1 1 1 1
 0 1]
DEBUG:root:is_valid: True,count: 0,reward:0.005225427483636191
DEBUG:root:bestR2: 0.6578929471059636,best_state: [8 0 0 5 2 0 2 0 0 3 0 5 2 0 3 0 0 2 0 0 0 0 2 1 0 2 1 1 1 1 1 0 1 1 1 1 1
 0 1]
DEBUG:root:is_valid: True,count: 0,reward:0.0014875981054330856
DEBUG:root:bestR2: 0.6580970645283821,best_state: [9 0 0 5 2 0 2 0 0 3 0 5 2 0 3 0 0 2 0 0 0 0 2 1 0 2 1 1 1 1 1 0 1 1 1 1 1
 0 1]
DEBUG:root:is_valid: True,count: 0,reward:0.00020411742241854824
DEBUG:root:is_valid: False,count: 1,reward:0
DEBUG:root:bestR2: 0.6583069536501798,best_state: [9 0 0 5 3 0 2 0 0 3 0 5 2 0 3 0 0 2 0 0 0 0 2 1 0 2 1 1 1 1 1 0 1 1 1 1 1
 0 1]
DEBUG:root:is_valid: True,count: 0,reward:0.00020988912179764618
DEBUG:root:bestR2: 0.6584761135260082,best_state: [9 0 0 5 3 0 2 0 0 3 0 5 2 1 3 0 0 2 0 0 0 0 2 1 0 2 1 1 1 1 1 0 1 1 1 1 1
 0 1]
DEBUG:root:is_valid: True,count: 0,reward:0.0001691598758284396
DEBUG:root:is_valid: True,count: 1,reward:-0.003045741691902748
DEBUG:root:is_valid: True,count: 2,reward:-0.010547640144185744
DEBUG:root:is_valid: False,count: 3,reward:0
DEBUG:root:is_valid: True,count: 0,reward:0.000993637652292767
DEBUG:root:is_valid: False,count: 1,reward:0
DEBUG:root:is_valid: True,count: 2,reward:-0.006071804594819374
DEBUG:root:is_valid: False,count: 3,reward:0
DEBUG:root:is_valid: True,count: 4,reward:-0.004041594276098959
DEBUG:root:is_valid: False,count: 5,reward:0
DEBUG:root:is_valid: False,count: 6,reward:0
DEBUG:root:is_valid: True,count: 0,reward:0.0009436052714326681
DEBUG:root:is_valid: False,count: 1,reward:0
DEBUG:root:is_valid: False,count: 2,reward:0
DEBUG:root:is_valid: True,count: 3,reward:-0.012014141522823318
DEBUG:root:is_valid: False,count: 4,reward:0
DEBUG:root:is_valid: False,count: 5,reward:0
DEBUG:root:is_valid: True,count: 6,reward:-0.0001640623576119049
DEBUG:root:is_valid: True,count: 0,reward:0.0001640623576119049
DEBUG:root:is_valid: True,count: 1,reward:-0.0010127735834946083
DEBUG:root:is_valid: False,count: 2,reward:0
DEBUG:root:is_valid: True,count: 3,reward:-0.017315279816520923
DEBUG:root:is_valid: False,count: 4,reward:0
DEBUG:root:is_valid: False,count: 5,reward:0
DEBUG:root:is_valid: True,count: 0,reward:0.000489973145314071
DEBUG:root:is_valid: False,count: 1,reward:0
DEBUG:root:is_valid: True,count: 0,reward:0.0004662208457940631
DEBUG:root:is_valid: False,count: 1,reward:0
DEBUG:root:is_valid: False,count: 2,reward:0
DEBUG:root:is_valid: True,count: 0,reward:0.0007964554864614559
DEBUG:root:is_valid: True,count: 0,reward:0.017546028381152712
DEBUG:root:is_valid: True,count: 0,reward:0.004282999240451391
DEBUG:root:is_valid: False,count: 1,reward:0
DEBUG:root:is_valid: False,count: 2,reward:0
DEBUG:root:is_valid: True,count: 3,reward:-0.010033014373404758
DEBUG:root:is_valid: False,count: 4,reward:0
DEBUG:root:is_valid: False,count: 5,reward:0
DEBUG:root:is_valid: True,count: 0,reward:0.0004774085577766707
DEBUG:root:is_valid: False,count: 1,reward:0
DEBUG:root:is_valid: True,count: 2,reward:-0.0021546750022276573
DEBUG:root:is_valid: False,count: 3,reward:0
DEBUG:root:is_valid: True,count: 4,reward:-0.004035956647207795
DEBUG:root:is_valid: False,count: 5,reward:0
DEBUG:root:is_valid: True,count: 0,reward:0.0007290460269074872
DEBUG:root:is_valid: True,count: 0,reward:0.0421361931884594
DEBUG:root:is_valid: True,count: 1,reward:-0.0028340041434575802
DEBUG:root:is_valid: False,count: 2,reward:0
DEBUG:root:is_valid: False,count: 3,reward:0
DEBUG:root:is_valid: True,count: 4,reward:-0.002885906545710082
DEBUG:root:is_valid: True,count: 5,reward:-0.0016657859215308823
DEBUG:root:is_valid: True,count: 6,reward:-0.00017983246503339156
DEBUG:root:is_valid: False,count: 7,reward:0
DEBUG:root:is_valid: True,count: 0,reward:0.007652130403376978
DEBUG:root:bestR2: 0.6587455036180064,best_state: [12  0  0  5  3  0  3  0  0  3  0  5  0  1  4  0  0  2  0  1  0  4  2  0
  0  2  1  1  0  1  1  1  1  0  1  1  1  0  1]
DEBUG:root:is_valid: True,count: 0,reward:0.0015938426209963774
DEBUG:root:bestR2: 0.6598756769103986,best_state: [12  0  0  5  3  0  4  0  0  3  0  5  0  1  4  0  0  2  0  1  0  4  2  0
  0  2  1  1  0  1  1  1  1  0  1  1  1  0  1]
DEBUG:root:is_valid: True,count: 0,reward:0.0011301732923921781
DEBUG:root:is_valid: False,count: 1,reward:0
DEBUG:root:is_valid: False,count: 2,reward:0
DEBUG:root:bestR2: 0.6615922584621178,best_state: [12  0  0  5  3  0  4  0  0  3  0  5  0  1  5  0  0  2  0  1  0  4  2  0
  0  2  1  1  0  1  1  1  1  0  1  1  1  0  1]
DEBUG:root:is_valid: True,count: 0,reward:0.0017165815517191652
DEBUG:root:bestR2: 0.6618749715796508,best_state: [12  0  0  6  3  0  4  0  0  3  0  5  0  1  5  0  0  2  0  1  0  4  2  0
  0  2  1  1  0  1  1  1  1  0  1  1  1  0  1]
DEBUG:root:is_valid: True,count: 0,reward:0.00028271311753302886
DEBUG:root:is_valid: False,count: 1,reward:0
DEBUG:root:is_valid: False,count: 2,reward:0
DEBUG:root:is_valid: True,count: 3,reward:-0.0011399549138427778
DEBUG:root:is_valid: False,count: 4,reward:0
DEBUG:root:bestR2: 0.6638134989610278,best_state: [12  0  0  6  3  0  4  0  0  4  0  5  0  1  5  0  0  2  0  1  0  4  2  0
  0  1  1  1  0  1  1  1  1  0  1  1  1  0  1]
DEBUG:root:is_valid: True,count: 0,reward:0.0030784822952197866
DEBUG:root:bestR2: 0.664173580793275,best_state: [12  0  0  7  3  0  4  0  0  4  0  5  0  1  5  0  0  2  0  1  0  4  2  0
  0  1  1  1  0  1  1  1  1  0  1  1  1  0  1]
DEBUG:root:is_valid: True,count: 0,reward:0.0003600818322472277
DEBUG:root:bestR2: 0.6649428673870003,best_state: [12  0  0  7  3  0  5  0  0  4  0  5  0  1  5  0  0  2  0  1  0  4  2  0
  0  1  1  1  0  1  1  1  1  0  1  1  1  0  1]
DEBUG:root:is_valid: True,count: 0,reward:0.0007692865937252158
DEBUG:root:is_valid: False,count: 1,reward:0
DEBUG:root:is_valid: False,count: 2,reward:0
DEBUG:root:is_valid: True,count: 3,reward:-0.014109740100402113
DEBUG:root:is_valid: True,count: 0,reward:0.0016593481772995133
DEBUG:root:is_valid: True,count: 1,reward:-1.365804013886418e-06
DEBUG:root:is_valid: True,count: 2,reward:-2.1182694527333013e-06
DEBUG:root:is_valid: True,count: 3,reward:-0.0016202716191588973
DEBUG:root:is_valid: True,count: 4,reward:-0.0001956191385363848
DEBUG:root:is_valid: True,count: 5,reward:-4.699594481039071e-05
DEBUG:root:is_valid: True,count: 0,reward:0.005302384974692487
DEBUG:root:is_valid: False,count: 1,reward:0
DEBUG:root:is_valid: True,count: 2,reward:-0.00046513217276944463
DEBUG:root:is_valid: False,count: 3,reward:0
DEBUG:root:is_valid: True,count: 0,reward:0.00035401174221438847
DEBUG:root:is_valid: True,count: 0,reward:0.0007127524109975525
DEBUG:root:is_valid: True,count: 0,reward:0.0002774282334413458
DEBUG:root:is_valid: True,count: 0,reward:2.0574391882854925e-05
DEBUG:root:is_valid: True,count: 0,reward:0.0008755267334658035
DEBUG:root:is_valid: False,count: 1,reward:0
DEBUG:root:is_valid: False,count: 2,reward:0
DEBUG:root:is_valid: False,count: 3,reward:0
DEBUG:root:is_valid: True,count: 4,reward:-0.0010293263360873217
DEBUG:root:is_valid: True,count: 5,reward:-0.00029632771188115026
DEBUG:root:is_valid: True,count: 0,reward:7.903257500840866e-05
DEBUG:root:is_valid: False,count: 1,reward:0
DEBUG:root:is_valid: True,count: 2,reward:-0.03888317653093076
DEBUG:root:is_valid: False,count: 3,reward:0
DEBUG:root:is_valid: False,count: 4,reward:0
DEBUG:root:is_valid: True,count: 0,reward:1.3058743106419968e-05
DEBUG:root:is_valid: True,count: 0,reward:0.00042622681398452045
DEBUG:root:is_valid: True,count: 1,reward:-0.017523747007531787
DEBUG:root:is_valid: True,count: 0,reward:0.0002512444398947711
DEBUG:root:is_valid: True,count: 1,reward:-0.30638049091548847
DEBUG:root:is_valid: True,count: 2,reward:-0.016756075733086462
DEBUG:root:is_valid: True,count: 3,reward:-0.003436526929028405
DEBUG:root:is_valid: False,count: 4,reward:0
DEBUG:root:is_valid: True,count: 5,reward:-0.0002455368903312438
DEBUG:root:is_valid: False,count: 6,reward:0
DEBUG:root:is_valid: False,count: 7,reward:0
DEBUG:root:is_valid: False,count: 8,reward:0
DEBUG:root:is_valid: True,count: 0,reward:0.005366711796411794
DEBUG:root:is_valid: True,count: 0,reward:0.000170872535767419
DEBUG:root:is_valid: True,count: 0,reward:7.677864749000562e-05
DEBUG:root:is_valid: False,count: 1,reward:0
DEBUG:root:is_valid: False,count: 2,reward:0
DEBUG:root:is_valid: False,count: 3,reward:0
DEBUG:root:is_valid: True,count: 0,reward:4.909292186427994e-05
DEBUG:root:is_valid: False,count: 1,reward:0
DEBUG:root:is_valid: True,count: 0,reward:0.0001887840113753425
DEBUG:root:is_valid: False,count: 1,reward:0
DEBUG:root:is_valid: True,count: 0,reward:0.0037600507732215016
DEBUG:root:is_valid: False,count: 1,reward:0
DEBUG:root:is_valid: True,count: 0,reward:4.960241834517376e-05
DEBUG:root:is_valid: True,count: 0,reward:5.8749261983015444e-05
DEBUG:root:is_valid: True,count: 0,reward:0.0001489361101453257
DEBUG:root:is_valid: False,count: 1,reward:0
DEBUG:root:is_valid: True,count: 0,reward:0.05003095853887918
DEBUG:root:is_valid: False,count: 1,reward:0
DEBUG:root:is_valid: False,count: 2,reward:0
DEBUG:root:is_valid: True,count: 3,reward:-0.2611421852820459
DEBUG:root:is_valid: False,count: 4,reward:0
DEBUG:root:is_valid: False,count: 5,reward:0
DEBUG:root:is_valid: False,count: 6,reward:0
DEBUG:root:is_valid: False,count: 7,reward:0
DEBUG:root:is_valid: True,count: 0,reward:0.0010190372507307144
DEBUG:root:is_valid: False,count: 1,reward:0
DEBUG:root:is_valid: True,count: 2,reward:-0.000589668183668346
DEBUG:root:is_valid: True,count: 3,reward:-0.0004530960842343834
DEBUG:root:is_valid: False,count: 4,reward:0
DEBUG:root:is_valid: True,count: 5,reward:-2.777689492305946e-05
DEBUG:root:is_valid: True,count: 6,reward:-0.037609918350365645
DEBUG:root:is_valid: False,count: 7,reward:0
DEBUG:root:is_valid: True,count: 8,reward:-0.0006931362552028419
DEBUG:root:is_valid: False,count: 9,reward:0
DEBUG:root:is_valid: True,count: 10,reward:-0.03788102381860836
DEBUG:root:is_valid: False,count: 11,reward:0
DEBUG:root:is_valid: False,count: 12,reward:0
DEBUG:root:is_valid: False,count: 13,reward:0
DEBUG:root:is_valid: True,count: 14,reward:-0.09421040617381715
DEBUG:root:is_valid: True,count: 0,reward:0.009279665111505464
DEBUG:root:is_valid: True,count: 1,reward:-0.00039161362815010037
DEBUG:root:is_valid: False,count: 2,reward:0
DEBUG:root:is_valid: True,count: 0,reward:0.0013579418119054054
DEBUG:root:is_valid: False,count: 1,reward:0
DEBUG:root:is_valid: False,count: 2,reward:0
DEBUG:root:is_valid: True,count: 0,reward:0.0809005139601664
DEBUG:root:is_valid: True,count: 1,reward:-0.004268916433075587
DEBUG:root:is_valid: False,count: 2,reward:0
DEBUG:root:is_valid: False,count: 3,reward:0
DEBUG:root:is_valid: False,count: 4,reward:0
DEBUG:root:is_valid: True,count: 5,reward:-0.02356336989968666
DEBUG:root:is_valid: False,count: 6,reward:0
DEBUG:root:is_valid: False,count: 7,reward:0
DEBUG:root:is_valid: False,count: 8,reward:0
DEBUG:root:is_valid: False,count: 9,reward:0
DEBUG:root:is_valid: True,count: 0,reward:8.925115115032689e-05
DEBUG:root:is_valid: True,count: 0,reward:0.0007666361084697204
DEBUG:root:is_valid: True,count: 0,reward:0.00023846761241586023
DEBUG:root:is_valid: True,count: 1,reward:-0.0005123634539239141
DEBUG:root:is_valid: True,count: 0,reward:0.00023192001191385536
DEBUG:root:is_valid: True,count: 1,reward:-0.0002747929960942308
DEBUG:root:is_valid: False,count: 2,reward:0
DEBUG:root:is_valid: True,count: 0,reward:7.488072945482926e-05
DEBUG:root:is_valid: False,count: 1,reward:0
DEBUG:root:is_valid: True,count: 0,reward:0.012347751950301245
DEBUG:root:is_valid: True,count: 0,reward:0.0014793291140038356
DEBUG:root:is_valid: False,count: 1,reward:0
DEBUG:root:is_valid: False,count: 2,reward:0
DEBUG:root:is_valid: False,count: 3,reward:0
DEBUG:root:is_valid: False,count: 4,reward:0
DEBUG:root:is_valid: True,count: 0,reward:0.019583649432592498
DEBUG:root:is_valid: True,count: 0,reward:0.0002624154953241309
DEBUG:root:is_valid: False,count: 1,reward:0
DEBUG:root:is_valid: False,count: 2,reward:0
DEBUG:root:is_valid: False,count: 3,reward:0
DEBUG:root:is_valid: False,count: 4,reward:0
DEBUG:root:is_valid: True,count: 5,reward:-0.00012877002567845963
DEBUG:root:is_valid: False,count: 6,reward:0
DEBUG:root:is_valid: True,count: 0,reward:0.00044819774194004847
DEBUG:root:is_valid: False,count: 1,reward:0
DEBUG:root:is_valid: True,count: 0,reward:0.6302953328027336
DEBUG:root:is_valid: False,count: 1,reward:0
DEBUG:root:is_valid: False,count: 2,reward:0
DEBUG:root:is_valid: False,count: 3,reward:0
DEBUG:root:is_valid: True,count: 0,reward:6.845226088603162e-05
DEBUG:root:is_valid: False,count: 1,reward:0
DEBUG:root:is_valid: True,count: 2,reward:-0.00016318403590431796
DEBUG:root:is_valid: False,count: 3,reward:0
DEBUG:root:is_valid: False,count: 4,reward:0
DEBUG:root:is_valid: False,count: 5,reward:0
DEBUG:root:is_valid: False,count: 6,reward:0
DEBUG:root:is_valid: True,count: 0,reward:0.007018549616953029
DEBUG:root:is_valid: False,count: 1,reward:0
DEBUG:root:is_valid: False,count: 2,reward:0
DEBUG:root:is_valid: True,count: 0,reward:0.0031570930900309824
DEBUG:root:is_valid: False,count: 1,reward:0
DEBUG:root:is_valid: False,count: 2,reward:0
DEBUG:root:is_valid: False,count: 3,reward:0
DEBUG:root:is_valid: False,count: 4,reward:0
DEBUG:root:is_valid: False,count: 5,reward:0
DEBUG:root:is_valid: False,count: 6,reward:0
DEBUG:root:is_valid: True,count: 7,reward:-1.756431648602952e-05
DEBUG:root:is_valid: False,count: 8,reward:0
DEBUG:root:is_valid: False,count: 9,reward:0
DEBUG:root:is_valid: True,count: 10,reward:-0.010325483531154922
DEBUG:root:is_valid: True,count: 11,reward:-0.0003112368124834619
DEBUG:root:is_valid: False,count: 12,reward:0
DEBUG:root:is_valid: False,count: 13,reward:0
DEBUG:root:is_valid: False,count: 14,reward:0
DEBUG:root:is_valid: True,count: 15,reward:-0.0015362373677493268
DEBUG:root:is_valid: True,count: 16,reward:-0.0002654346345655201
DEBUG:root:is_valid: False,count: 1,reward:0
DEBUG:root:bestR2: 0.04771039467980609,best_state: [0 0 0 0 0 0 0 0 0 0 0 0 0 0 0 0 0 0 0 0 0 0 0 0 0 0 0 0 0 1 0 0 0 0 0 0 0
 0 0]
DEBUG:root:is_valid: True,count: 0,reward:0.04771039467980609
DEBUG:root:is_valid: False,count: 1,reward:0
DEBUG:root:is_valid: True,count: 2,reward:-0.02698492110219408
DEBUG:root:is_valid: False,count: 3,reward:0
DEBUG:root:is_valid: False,count: 4,reward:0
DEBUG:root:is_valid: False,count: 5,reward:0
DEBUG:root:is_valid: False,count: 6,reward:0
DEBUG:root:bestR2: 0.1391971504684939,best_state: [0 0 0 0 0 0 0 0 0 0 0 0 0 0 0 0 0 0 0 0 0 0 0 0 0 0 0 0 0 1 0 0 0 0 0 1 0
 1 0]
DEBUG:root:is_valid: True,count: 0,reward:0.1184716768908819
DEBUG:root:is_valid: False,count: 1,reward:0
DEBUG:root:bestR2: 0.5640301645491437,best_state: [0 0 0 0 0 0 0 0 0 0 0 0 0 0 0 0 0 0 0 0 0 0 0 0 0 0 0 0 0 1 0 0 1 0 0 1 0
 1 0]
DEBUG:root:is_valid: True,count: 0,reward:0.4248330140806498
DEBUG:root:is_valid: False,count: 1,reward:0
DEBUG:root:is_valid: False,count: 2,reward:0
DEBUG:root:bestR2: 0.5757141298600094,best_state: [0 0 0 0 0 0 0 0 0 0 0 0 0 0 0 0 0 0 0 0 0 0 0 0 0 0 0 1 0 1 0 0 1 0 0 1 0
 1 0]
DEBUG:root:is_valid: True,count: 0,reward:0.011683965310865685
DEBUG:root:is_valid: False,count: 1,reward:0
DEBUG:root:is_valid: False,count: 2,reward:0
DEBUG:root:is_valid: False,count: 3,reward:0
DEBUG:root:is_valid: True,count: 4,reward:-0.007074023245214445
DEBUG:root:is_valid: False,count: 5,reward:0
DEBUG:root:is_valid: False,count: 6,reward:0
DEBUG:root:is_valid: False,count: 7,reward:0
DEBUG:root:is_valid: False,count: 8,reward:0
DEBUG:root:is_valid: False,count: 9,reward:0
DEBUG:root:is_valid: False,count: 10,reward:0
DEBUG:root:is_valid: False,count: 11,reward:0
DEBUG:root:is_valid: True,count: 0,reward:0.00024060282621329865
DEBUG:root:is_valid: True,count: 1,reward:-0.011278545667582351
DEBUG:root:is_valid: False,count: 2,reward:0
DEBUG:root:is_valid: False,count: 3,reward:0
DEBUG:root:is_valid: True,count: 4,reward:-0.02134247612589002
DEBUG:root:is_valid: False,count: 5,reward:0
DEBUG:root:is_valid: False,count: 6,reward:0
DEBUG:root:is_valid: False,count: 7,reward:0
DEBUG:root:is_valid: True,count: 0,reward:0.0003777231263066838
DEBUG:root:is_valid: False,count: 1,reward:0
DEBUG:root:is_valid: False,count: 2,reward:0
DEBUG:root:is_valid: False,count: 3,reward:0
DEBUG:root:is_valid: False,count: 4,reward:0
DEBUG:root:is_valid: False,count: 5,reward:0
DEBUG:root:is_valid: True,count: 0,reward:0.014154328941896721
DEBUG:root:is_valid: True,count: 1,reward:-0.009068107366555611
DEBUG:root:is_valid: True,count: 0,reward:0.009068107366555611
DEBUG:root:is_valid: False,count: 1,reward:0
DEBUG:root:is_valid: False,count: 2,reward:0
DEBUG:root:is_valid: False,count: 3,reward:0
DEBUG:root:is_valid: False,count: 4,reward:0
DEBUG:root:is_valid: False,count: 5,reward:0
DEBUG:root:is_valid: True,count: 6,reward:-0.0007947935985791466
DEBUG:root:is_valid: False,count: 7,reward:0
DEBUG:root:is_valid: False,count: 8,reward:0
DEBUG:root:is_valid: True,count: 9,reward:-8.055351121916132e-06
DEBUG:root:is_valid: True,count: 0,reward:0.021492438295443783
DEBUG:root:is_valid: False,count: 1,reward:0
DEBUG:root:is_valid: False,count: 2,reward:0
DEBUG:root:is_valid: True,count: 3,reward:-0.001984823022084914
DEBUG:root:is_valid: False,count: 4,reward:0
DEBUG:root:is_valid: True,count: 0,reward:0.0031804149155398864
DEBUG:root:is_valid: False,count: 1,reward:0
DEBUG:root:is_valid: False,count: 2,reward:0
DEBUG:root:is_valid: False,count: 3,reward:0
DEBUG:root:is_valid: True,count: 4,reward:-0.007599401053416388
DEBUG:root:is_valid: True,count: 5,reward:-0.010039772944049119
DEBUG:root:is_valid: False,count: 6,reward:0
DEBUG:root:is_valid: True,count: 0,reward:0.00011146473138312629
DEBUG:root:is_valid: True,count: 1,reward:-0.0030927350614828875
DEBUG:root:is_valid: False,count: 2,reward:0
DEBUG:root:is_valid: True,count: 3,reward:-0.0031270008082616707
DEBUG:root:is_valid: True,count: 4,reward:-7.945791777763667e-06
DEBUG:root:is_valid: False,count: 5,reward:0
DEBUG:root:is_valid: False,count: 6,reward:0
DEBUG:root:is_valid: True,count: 7,reward:-1.613011449164148e-05
DEBUG:root:is_valid: True,count: 0,reward:0.002970044483306844
DEBUG:root:is_valid: False,count: 1,reward:0
DEBUG:root:is_valid: True,count: 0,reward:0.00895347660214807
DEBUG:root:is_valid: False,count: 1,reward:0
DEBUG:root:is_valid: True,count: 0,reward:0.00013899693429886284
DEBUG:root:is_valid: False,count: 1,reward:0
DEBUG:root:is_valid: False,count: 2,reward:0
DEBUG:root:is_valid: False,count: 3,reward:0
DEBUG:root:is_valid: False,count: 4,reward:0
DEBUG:root:is_valid: True,count: 5,reward:-0.00024674051271800224
DEBUG:root:is_valid: False,count: 6,reward:0
DEBUG:root:is_valid: False,count: 7,reward:0
DEBUG:root:bestR2: 0.6315339323132714,best_state: [0 0 1 2 0 0 1 0 0 0 0 0 1 0 2 0 1 0 0 2 0 0 0 0 1 0 0 1 1 1 0 0 1 0 1 0 0
 1 1]
DEBUG:root:is_valid: True,count: 0,reward:0.070812754893395
DEBUG:root:is_valid: True,count: 1,reward:-0.016172544840501457
DEBUG:root:is_valid: False,count: 2,reward:0
DEBUG:root:is_valid: False,count: 3,reward:0
DEBUG:root:is_valid: True,count: 4,reward:-0.4967057228236075
DEBUG:root:is_valid: False,count: 5,reward:0
DEBUG:root:is_valid: False,count: 6,reward:0
DEBUG:root:is_valid: False,count: 7,reward:0
DEBUG:root:is_valid: True,count: 8,reward:-0.013966036334677523
DEBUG:root:is_valid: False,count: 9,reward:0
DEBUG:root:is_valid: False,count: 10,reward:0
DEBUG:root:is_valid: True,count: 0,reward:0.002510518400108075
DEBUG:root:is_valid: False,count: 1,reward:0
DEBUG:root:is_valid: True,count: 2,reward:-0.04292139807834261
DEBUG:root:is_valid: True,count: 0,reward:0.058493269642413526
DEBUG:root:is_valid: True,count: 1,reward:-0.00192264323214264
DEBUG:root:is_valid: True,count: 2,reward:-0.0002511379962714111
DEBUG:root:is_valid: True,count: 3,reward:-0.020804506668595568
DEBUG:root:is_valid: False,count: 4,reward:0
DEBUG:root:is_valid: False,count: 5,reward:0
DEBUG:root:is_valid: True,count: 0,reward:0.020804506668595568
DEBUG:root:is_valid: True,count: 0,reward:0.49618523634017575
DEBUG:root:is_valid: True,count: 1,reward:-0.00036136778816653337
DEBUG:root:is_valid: False,count: 2,reward:0
DEBUG:root:is_valid: False,count: 3,reward:0
DEBUG:root:is_valid: True,count: 0,reward:0.0031021374098070265
DEBUG:root:is_valid: False,count: 1,reward:0
DEBUG:root:is_valid: False,count: 2,reward:0
DEBUG:root:is_valid: True,count: 3,reward:-5.1505487074221534e-06
DEBUG:root:is_valid: False,count: 4,reward:0
DEBUG:root:is_valid: False,count: 5,reward:0
DEBUG:root:is_valid: True,count: 0,reward:0.001987118268174326
DEBUG:root:is_valid: False,count: 1,reward:0
DEBUG:root:is_valid: False,count: 2,reward:0
DEBUG:root:is_valid: False,count: 3,reward:0
DEBUG:root:is_valid: True,count: 0,reward:8.992621045911253e-05
DEBUG:root:is_valid: True,count: 0,reward:3.022883497294515e-06
DEBUG:root:is_valid: False,count: 1,reward:0
DEBUG:root:is_valid: True,count: 2,reward:-0.004241907164342029
DEBUG:root:is_valid: False,count: 3,reward:0
DEBUG:root:is_valid: True,count: 4,reward:-0.0007767121371166086
DEBUG:root:is_valid: True,count: 5,reward:-0.0012644339176705044
DEBUG:root:is_valid: False,count: 6,reward:0
DEBUG:root:is_valid: False,count: 7,reward:0
DEBUG:root:is_valid: True,count: 8,reward:-0.0006884169434514531
DEBUG:root:is_valid: True,count: 0,reward:7.724520294871695e-05
DEBUG:root:is_valid: False,count: 1,reward:0
DEBUG:root:is_valid: True,count: 0,reward:0.002324734721036781
DEBUG:root:is_valid: True,count: 1,reward:-0.00013269226534562417
DEBUG:root:is_valid: True,count: 2,reward:-5.350861193753609e-05
DEBUG:root:is_valid: True,count: 3,reward:-0.0007663648100864062
DEBUG:root:is_valid: False,count: 4,reward:0
DEBUG:root:is_valid: False,count: 5,reward:0
DEBUG:root:is_valid: True,count: 6,reward:-0.0001801127031140215
DEBUG:root:is_valid: False,count: 7,reward:0
DEBUG:root:is_valid: False,count: 8,reward:0
DEBUG:root:is_valid: True,count: 9,reward:-0.0019401260900115957
DEBUG:root:is_valid: True,count: 0,reward:0.00789559611728119
DEBUG:root:is_valid: False,count: 1,reward:0
DEBUG:root:is_valid: False,count: 2,reward:0
DEBUG:root:is_valid: False,count: 3,reward:0
DEBUG:root:is_valid: False,count: 4,reward:0
DEBUG:root:is_valid: False,count: 5,reward:0
DEBUG:root:is_valid: True,count: 0,reward:4.1667775851683686e-05
DEBUG:root:is_valid: False,count: 1,reward:0
DEBUG:root:is_valid: False,count: 2,reward:0
DEBUG:root:is_valid: False,count: 3,reward:0
DEBUG:root:is_valid: False,count: 4,reward:0
DEBUG:root:is_valid: True,count: 0,reward:4.074735005787922e-05
DEBUG:root:bestR2: 0.6321807266186061,best_state: [0 0 1 5 0 0 3 0 1 1 0 0 1 0 2 1 2 0 0 5 0 1 0 0 0 2 0 1 1 1 1 0 1 0 1 1 0
 1 1]
DEBUG:root:is_valid: True,count: 0,reward:0.010245850269016255
DEBUG:root:is_valid: True,count: 1,reward:-2.9738588749328443e-06
DEBUG:root:is_valid: False,count: 2,reward:0
DEBUG:root:is_valid: True,count: 0,reward:2.9738588749328443e-06
DEBUG:root:is_valid: True,count: 1,reward:-0.0006298012247429874
DEBUG:root:is_valid: True,count: 2,reward:-4.514626956053647e-06
DEBUG:root:is_valid: False,count: 3,reward:0
DEBUG:root:bestR2: 0.6323211991190527,best_state: [0 0 1 4 0 0 3 0 0 1 0 0 1 0 3 1 2 0 0 5 0 1 0 0 0 2 0 1 1 1 1 0 1 0 1 1 0
 1 1]
DEBUG:root:is_valid: True,count: 0,reward:0.0007747883521456167
DEBUG:root:bestR2: 0.6324807308233323,best_state: [0 0 1 4 0 0 3 0 0 0 0 0 1 0 3 1 2 0 0 5 0 1 0 0 0 2 0 1 1 1 1 0 1 0 1 1 0
 1 1]
DEBUG:root:is_valid: True,count: 0,reward:0.00015953170427962515
DEBUG:root:bestR2: 0.6326138870437695,best_state: [0 0 1 4 0 0 3 0 0 0 0 0 0 0 3 1 2 0 0 5 0 1 0 0 0 2 0 1 1 1 1 0 1 0 1 1 0
 1 1]
DEBUG:root:is_valid: True,count: 0,reward:0.00013315622043719166
DEBUG:root:is_valid: False,count: 1,reward:0
DEBUG:root:is_valid: True,count: 2,reward:-0.02889912519842952
DEBUG:root:is_valid: True,count: 0,reward:0.0011868037633397943
DEBUG:root:is_valid: False,count: 1,reward:0
DEBUG:root:is_valid: True,count: 0,reward:0.01571485278603879
DEBUG:root:is_valid: False,count: 1,reward:0
DEBUG:root:is_valid: False,count: 2,reward:0
DEBUG:root:is_valid: False,count: 3,reward:0
DEBUG:root:is_valid: True,count: 0,reward:0.0013724697394126295
DEBUG:root:is_valid: True,count: 0,reward:1.1312348521252957e-06
DEBUG:root:is_valid: False,count: 1,reward:0
DEBUG:root:is_valid: True,count: 2,reward:-0.00074454111453226
DEBUG:root:is_valid: True,count: 0,reward:0.0010070361104256298
DEBUG:root:is_valid: False,count: 1,reward:0
DEBUG:root:is_valid: True,count: 0,reward:0.010284515210382983
DEBUG:root:is_valid: False,count: 1,reward:0
DEBUG:root:is_valid: False,count: 2,reward:0
DEBUG:root:is_valid: False,count: 3,reward:0
DEBUG:root:is_valid: False,count: 4,reward:0
DEBUG:root:is_valid: False,count: 5,reward:0
DEBUG:root:is_valid: False,count: 6,reward:0
DEBUG:root:is_valid: False,count: 7,reward:0
DEBUG:root:is_valid: True,count: 8,reward:-4.029129180493918e-05
DEBUG:root:is_valid: True,count: 9,reward:-0.009547872501751709
DEBUG:root:is_valid: True,count: 0,reward:0.0010287270519636627
DEBUG:root:is_valid: False,count: 1,reward:0
DEBUG:root:is_valid: False,count: 2,reward:0
DEBUG:root:is_valid: True,count: 0,reward:2.4392120275829043e-06
DEBUG:root:is_valid: True,count: 1,reward:-0.008943140595471855
DEBUG:root:is_valid: True,count: 2,reward:-0.0008652199634742175
DEBUG:root:is_valid: False,count: 3,reward:0
DEBUG:root:is_valid: False,count: 4,reward:0
DEBUG:root:is_valid: True,count: 0,reward:0.0008587773881145733
DEBUG:root:is_valid: True,count: 1,reward:-0.0009664951002219535
DEBUG:root:is_valid: True,count: 0,reward:0.0009664951002219535
DEBUG:root:is_valid: True,count: 1,reward:-5.151670787628682e-06
DEBUG:root:is_valid: False,count: 2,reward:0
DEBUG:root:is_valid: False,count: 3,reward:0
DEBUG:root:is_valid: True,count: 4,reward:-0.019705660958284077
DEBUG:root:is_valid: False,count: 5,reward:0
DEBUG:root:is_valid: False,count: 6,reward:0
DEBUG:root:is_valid: True,count: 7,reward:-0.11628397587589034
DEBUG:root:is_valid: True,count: 8,reward:-0.02917407559867946
DEBUG:root:is_valid: False,count: 9,reward:0
DEBUG:root:is_valid: False,count: 10,reward:0
DEBUG:root:is_valid: True,count: 11,reward:-2.9956928832342022e-05
DEBUG:root:is_valid: False,count: 12,reward:0
DEBUG:root:is_valid: False,count: 13,reward:0
DEBUG:root:is_valid: False,count: 14,reward:0
DEBUG:root:is_valid: True,count: 0,reward:0.0013382071388133854
DEBUG:root:is_valid: False,count: 1,reward:0
DEBUG:root:is_valid: True,count: 0,reward:0.16601501273877806
DEBUG:root:is_valid: False,count: 1,reward:0
DEBUG:root:is_valid: True,count: 0,reward:0.0014300155802271508
DEBUG:root:is_valid: False,count: 1,reward:0
DEBUG:root:is_valid: True,count: 0,reward:0.0014929632674810511
DEBUG:root:is_valid: False,count: 1,reward:0
DEBUG:root:is_valid: False,count: 2,reward:0
DEBUG:root:is_valid: False,count: 3,reward:0
DEBUG:root:is_valid: True,count: 4,reward:-0.016198933105847968
DEBUG:root:is_valid: False,count: 5,reward:0
DEBUG:root:is_valid: False,count: 6,reward:0
DEBUG:root:is_valid: True,count: 0,reward:4.317958317101578e-05
DEBUG:root:is_valid: False,count: 1,reward:0
DEBUG:root:is_valid: False,count: 2,reward:0
DEBUG:root:is_valid: True,count: 0,reward:8.122981539182561e-06
DEBUG:root:is_valid: True,count: 0,reward:0.0009862627280845526
DEBUG:root:is_valid: True,count: 1,reward:-8.312570236590489e-06
DEBUG:root:is_valid: False,count: 2,reward:0
DEBUG:root:is_valid: False,count: 3,reward:0
DEBUG:root:is_valid: True,count: 0,reward:0.0028653449701538936
DEBUG:root:is_valid: True,count: 0,reward:0.016258414129282528
DEBUG:root:is_valid: True,count: 1,reward:-0.00014186336688171153
DEBUG:root:is_valid: True,count: 0,reward:0.0004560359457861374
DEBUG:root:is_valid: True,count: 1,reward:-2.114398793595651e-05
DEBUG:root:is_valid: False,count: 2,reward:0
DEBUG:root:is_valid: False,count: 3,reward:0
DEBUG:root:is_valid: False,count: 4,reward:0
DEBUG:root:is_valid: False,count: 5,reward:0
DEBUG:root:is_valid: True,count: 6,reward:-0.0006140599079841325
DEBUG:root:is_valid: True,count: 0,reward:6.283336315027199e-06
DEBUG:root:is_valid: False,count: 1,reward:0
DEBUG:root:bestR2: 0.6430702014023508,best_state: [ 2  0  1  7  0  0  5  0  0  0  0  0  1  0  7  1  1  0  0 10  0  1  0  1
  0  2  0  1  1  1  0  0  1  0  1  1  1  1  1]
DEBUG:root:is_valid: True,count: 0,reward:0.019323044099216258
DEBUG:root:is_valid: False,count: 1,reward:0
DEBUG:root:is_valid: False,count: 2,reward:0
DEBUG:root:is_valid: False,count: 3,reward:0
DEBUG:root:bestR2: 0.6430777080284611,best_state: [ 2  0  1  8  0  0  5  0  0  0  0  0  1  0  7  1  1  0  0 10  0  1  0  1
  0  2  0  1  1  1  0  0  1  0  1  1  1  1  1]
DEBUG:root:is_valid: True,count: 0,reward:7.506626110265202e-06
DEBUG:root:bestR2: 0.6441794797804246,best_state: [ 2  0  1  8  0  0  5  0  0  0  0  0  1  0  7  1  1  0  0 10  0  1  0  1
  1  2  0  1  1  1  0  0  1  0  1  1  1  1  1]
DEBUG:root:is_valid: True,count: 0,reward:0.001101771751963465
DEBUG:root:bestR2: 0.6441856700851301,best_state: [ 2  0  1  9  0  0  5  0  0  0  0  0  1  0  7  1  1  0  0 10  0  1  0  1
  1  2  0  1  1  1  0  0  1  0  1  1  1  1  1]
DEBUG:root:is_valid: True,count: 0,reward:6.190304705500083e-06
DEBUG:root:is_valid: False,count: 1,reward:0
DEBUG:root:is_valid: False,count: 2,reward:0
DEBUG:root:bestR2: 0.7216641094362446,best_state: [ 2  0  1  9  0  0  5  0  0  0  0  0  1  0  7  1  1  0  0 10  0  1  0  1
  1  2  0  1  1  1  0  1  1  0  1  1  1  1  1]
DEBUG:root:is_valid: True,count: 0,reward:0.07747843935111454
DEBUG:root:is_valid: True,count: 1,reward:-0.0029356991630294926
DEBUG:root:bestR2: 0.7225247895820464,best_state: [ 2  0  1  9  0  0  5  0  0  0  0  0  2  0  7  1  1  0  0 10  0  1  0  1
  1  3  0  1  1  1  0  1  1  0  1  1  1  1  1]
DEBUG:root:is_valid: True,count: 0,reward:0.0037963793088312547
DEBUG:root:is_valid: False,count: 1,reward:0
DEBUG:root:is_valid: True,count: 2,reward:-0.029931334020255607
DEBUG:root:is_valid: False,count: 3,reward:0
DEBUG:root:is_valid: True,count: 4,reward:-0.000890395916388842
DEBUG:root:is_valid: True,count: 0,reward:0.0016488099886179386
DEBUG:root:is_valid: True,count: 1,reward:-0.0004253165624016342
DEBUG:root:is_valid: True,count: 0,reward:4.20223820183363e-05
DEBUG:root:is_valid: True,count: 1,reward:-0.006362348026010656
DEBUG:root:is_valid: True,count: 2,reward:-0.0007053094492799339
DEBUG:root:is_valid: False,count: 3,reward:0
DEBUG:root:is_valid: True,count: 4,reward:-0.0011334567480387747
DEBUG:root:is_valid: False,count: 5,reward:0
DEBUG:root:is_valid: True,count: 6,reward:-0.002463232335887189
DEBUG:root:is_valid: False,count: 7,reward:0
DEBUG:root:is_valid: True,count: 0,reward:0.00188661186681216
DEBUG:root:is_valid: True,count: 0,reward:0.0001339458944145111
DEBUG:root:is_valid: True,count: 1,reward:-0.0005956377484478415
DEBUG:root:is_valid: False,count: 2,reward:0
DEBUG:root:is_valid: True,count: 3,reward:-0.00398669590723566
DEBUG:root:is_valid: True,count: 0,reward:0.004472788335255329
DEBUG:root:is_valid: True,count: 1,reward:-0.052594603876812585
DEBUG:root:is_valid: False,count: 2,reward:0
DEBUG:root:is_valid: False,count: 3,reward:0
DEBUG:root:is_valid: True,count: 0,reward:9.749770846223527e-08
DEBUG:root:is_valid: False,count: 1,reward:0
DEBUG:root:is_valid: True,count: 0,reward:0.06379795890170914
DEBUG:root:is_valid: False,count: 1,reward:0
DEBUG:root:is_valid: False,count: 2,reward:0
DEBUG:root:is_valid: False,count: 3,reward:0
DEBUG:root:is_valid: True,count: 4,reward:-0.04127266477545599
DEBUG:root:is_valid: True,count: 5,reward:-0.0012896666752323371
DEBUG:root:is_valid: False,count: 6,reward:0
DEBUG:root:is_valid: True,count: 0,reward:0.001548543158646165
DEBUG:root:is_valid: True,count: 1,reward:-0.01624115984069785
DEBUG:root:is_valid: False,count: 2,reward:0
DEBUG:root:is_valid: False,count: 3,reward:0
DEBUG:root:is_valid: False,count: 4,reward:0
DEBUG:root:is_valid: True,count: 0,reward:0.0003345266679287695
DEBUG:root:is_valid: True,count: 1,reward:-0.001132947634791548
DEBUG:root:is_valid: True,count: 2,reward:-0.013726663793534932
DEBUG:root:is_valid: False,count: 3,reward:0
DEBUG:root:is_valid: False,count: 4,reward:0
DEBUG:root:is_valid: False,count: 5,reward:0
DEBUG:root:is_valid: True,count: 0,reward:0.00032899950264475564
DEBUG:root:is_valid: False,count: 1,reward:0
DEBUG:root:is_valid: False,count: 2,reward:0
DEBUG:root:is_valid: True,count: 0,reward:4.845616712989553e-06
DEBUG:root:is_valid: True,count: 0,reward:0.013784772120607247
DEBUG:root:is_valid: False,count: 1,reward:0
DEBUG:root:is_valid: False,count: 2,reward:0
DEBUG:root:is_valid: True,count: 0,reward:0.0010621396371670588
DEBUG:root:is_valid: False,count: 1,reward:0
DEBUG:root:is_valid: False,count: 2,reward:0
DEBUG:root:is_valid: True,count: 0,reward:0.0008462393565860094
DEBUG:root:is_valid: True,count: 0,reward:0.0005529653281468594
DEBUG:root:is_valid: False,count: 1,reward:0
DEBUG:root:is_valid: False,count: 2,reward:0
DEBUG:root:is_valid: False,count: 3,reward:0
DEBUG:root:is_valid: False,count: 4,reward:0
DEBUG:root:is_valid: True,count: 5,reward:-0.09395449274021606
DEBUG:root:is_valid: False,count: 6,reward:0
DEBUG:root:is_valid: True,count: 7,reward:-9.698667944491035e-05
DEBUG:root:is_valid: False,count: 8,reward:0
DEBUG:root:is_valid: True,count: 0,reward:0.0055228308120804925
DEBUG:root:is_valid: False,count: 1,reward:0
DEBUG:root:is_valid: True,count: 0,reward:0.01537890366257888
DEBUG:root:is_valid: True,count: 0,reward:0.004756030366233066
DEBUG:root:is_valid: False,count: 1,reward:0
DEBUG:root:is_valid: False,count: 2,reward:0
DEBUG:root:is_valid: True,count: 3,reward:-0.0006014249160573026
DEBUG:root:is_valid: False,count: 4,reward:0
